<?xml version="1.0" encoding="UTF-8"?>
<coverage generated="1691478498827" clover="3.2.0">
  <project timestamp="1691478498827" name="All files">
    <metrics statements="35" coveredstatements="22" conditionals="24" coveredconditionals="9" methods="20" coveredmethods="10" elements="79" coveredelements="41" complexity="0" loc="35" ncloc="35" packages="3" files="3" classes="3"/>
    <package name="components.Loader">
      <metrics statements="3" coveredstatements="3" conditionals="2" coveredconditionals="2" methods="1" coveredmethods="1"/>
      <file name="index.jsx" path="/Users/derishardiansyahismail/Phincon-Bootcampp/Week-5/Day-3/week5multistep/src/components/Loader/index.jsx">
        <metrics statements="3" coveredstatements="3" conditionals="2" coveredconditionals="2" methods="1" coveredmethods="1"/>
        <line num="7" count="1" type="stmt"/>
        <line num="8" count="2" type="stmt"/>
        <line num="19" count="1" type="stmt"/>
      </file>
    </package>
    <package name="components.Step3">
      <metrics statements="19" coveredstatements="12" conditionals="22" coveredconditionals="7" methods="12" coveredmethods="5"/>
      <file name="index.jsx" path="/Users/derishardiansyahismail/Phincon-Bootcampp/Week-5/Day-3/week5multistep/src/components/Step3/index.jsx">
        <metrics statements="19" coveredstatements="12" conditionals="22" coveredconditionals="7" methods="12" coveredmethods="5"/>
        <line num="9" count="1" type="stmt"/>
        <line num="10" count="3" type="stmt"/>
        <line num="11" count="3" type="stmt"/>
        <line num="12" count="3" type="stmt"/>
        <line num="13" count="6" type="stmt"/>
        <line num="14" count="6" type="stmt"/>
        <line num="15" count="6" type="stmt"/>
        <line num="17" count="3" type="stmt"/>
        <line num="18" count="0" type="stmt"/>
        <line num="24" count="3" type="stmt"/>
        <line num="25" count="3" type="stmt"/>
        <line num="26" count="0" type="stmt"/>
        <line num="30" count="3" type="stmt"/>
        <line num="31" count="0" type="cond" truecount="0" falsecount="4"/>
        <line num="32" count="0" type="stmt"/>
        <line num="34" count="0" type="stmt"/>
        <line num="42" count="3" type="stmt"/>
        <line num="52" count="0" type="stmt"/>
        <line num="59" count="0" type="stmt"/>
      </file>
    </package>
    <package name="redux">
      <metrics statements="13" coveredstatements="7" conditionals="0" coveredconditionals="0" methods="7" coveredmethods="4"/>
      <file name="personalSlice.js" path="/Users/derishardiansyahismail/Phincon-Bootcampp/Week-5/Day-3/week5multistep/src/redux/personalSlice.js">
        <metrics statements="13" coveredstatements="7" conditionals="0" coveredconditionals="0" methods="7" coveredmethods="4"/>
        <line num="3" count="3" type="stmt"/>
        <line num="48" count="3" type="stmt"/>
        <line num="53" count="1" type="stmt"/>
        <line num="56" count="1" type="stmt"/>
        <line num="59" count="0" type="stmt"/>
        <line num="62" count="0" type="stmt"/>
        <line num="63" count="0" type="stmt"/>
        <line num="64" count="0" type="stmt"/>
        <line num="65" count="0" type="stmt"/>
        <line num="68" count="0" type="stmt"/>
        <line num="71" count="1" type="stmt"/>
        <line num="78" count="1" type="stmt"/>
        <line num="84" count="3" type="stmt"/>
      </file>
    </package>
  </project>
</coverage>
