{"/Users/derishardiansyahismail/Phincon-Bootcampp/Week-5/Day-3/week5multistep/src/components/Loader/index.jsx": {"path":"/Users/derishardiansyahismail/Phincon-Bootcampp/Week-5/Day-3/week5multistep/src/components/Loader/index.jsx","statementMap":{"0":{"start":{"line":7,"column":15},"end":{"line":17,"column":1}},"1":{"start":{"line":8,"column":2},"end":{"line":16,"column":8}},"2":{"start":{"line":19,"column":0},"end":{"line":21,"column":2}}},"fnMap":{"0":{"name":"(anonymous_0)","decl":{"start":{"line":7,"column":15},"end":{"line":7,"column":16}},"loc":{"start":{"line":8,"column":2},"end":{"line":16,"column":8}},"line":8}},"branchMap":{"0":{"loc":{"start":{"line":12,"column":28},"end":{"line":12,"column":46}},"type":"binary-expr","locations":[{"start":{"line":12,"column":28},"end":{"line":12,"column":37}},{"start":{"line":12,"column":41},"end":{"line":12,"column":46}}],"line":12}},"s":{"0":1,"1":2,"2":1},"f":{"0":2},"b":{"0":[2,1]},"_coverageSchema":"1a1c01bbd47fc00a2c39e90264f33305004495a9","hash":"7b8b301f3eb48f868f797b365b967f78013bdd8c"}
,"/Users/derishardiansyahismail/Phincon-Bootcampp/Week-5/Day-3/week5multistep/src/components/Step3/index.jsx": {"path":"/Users/derishardiansyahismail/Phincon-Bootcampp/Week-5/Day-3/week5multistep/src/components/Step3/index.jsx","statementMap":{"0":{"start":{"line":9,"column":14},"end":{"line":113,"column":1}},"1":{"start":{"line":10,"column":19},"end":{"line":10,"column":32}},"2":{"start":{"line":11,"column":16},"end":{"line":11,"column":32}},"3":{"start":{"line":12,"column":36},"end":{"line":12,"column":48}},"4":{"start":{"line":13,"column":17},"end":{"line":13,"column":62}},"5":{"start":{"line":13,"column":40},"end":{"line":13,"column":61}},"6":{"start":{"line":14,"column":23},"end":{"line":14,"column":74}},"7":{"start":{"line":14,"column":46},"end":{"line":14,"column":73}},"8":{"start":{"line":15,"column":25},"end":{"line":15,"column":85}},"9":{"start":{"line":15,"column":48},"end":{"line":15,"column":84}},"10":{"start":{"line":17,"column":31},"end":{"line":22,"column":3}},"11":{"start":{"line":18,"column":4},"end":{"line":21,"column":8}},"12":{"start":{"line":18,"column":28},"end":{"line":21,"column":5}},"13":{"start":{"line":24,"column":2},"end":{"line":28,"column":28}},"14":{"start":{"line":25,"column":4},"end":{"line":27,"column":7}},"15":{"start":{"line":26,"column":6},"end":{"line":26,"column":66}},"16":{"start":{"line":30,"column":25},"end":{"line":40,"column":3}},"17":{"start":{"line":31,"column":4},"end":{"line":39,"column":5}},"18":{"start":{"line":31,"column":67},"end":{"line":31,"column":81}},"19":{"start":{"line":32,"column":6},"end":{"line":32,"column":19}},"20":{"start":{"line":34,"column":6},"end":{"line":38,"column":9}},"21":{"start":{"line":42,"column":2},"end":{"line":112,"column":4}},"22":{"start":{"line":52,"column":14},"end":{"line":78,"column":21}},"23":{"start":{"line":59,"column":40},"end":{"line":59,"column":72}}},"fnMap":{"0":{"name":"(anonymous_0)","decl":{"start":{"line":9,"column":14},"end":{"line":9,"column":15}},"loc":{"start":{"line":9,"column":53},"end":{"line":113,"column":1}},"line":9},"1":{"name":"(anonymous_1)","decl":{"start":{"line":13,"column":29},"end":{"line":13,"column":30}},"loc":{"start":{"line":13,"column":40},"end":{"line":13,"column":61}},"line":13},"2":{"name":"(anonymous_2)","decl":{"start":{"line":14,"column":35},"end":{"line":14,"column":36}},"loc":{"start":{"line":14,"column":46},"end":{"line":14,"column":73}},"line":14},"3":{"name":"(anonymous_3)","decl":{"start":{"line":15,"column":37},"end":{"line":15,"column":38}},"loc":{"start":{"line":15,"column":48},"end":{"line":15,"column":84}},"line":15},"4":{"name":"(anonymous_4)","decl":{"start":{"line":17,"column":31},"end":{"line":17,"column":32}},"loc":{"start":{"line":17,"column":42},"end":{"line":22,"column":3}},"line":17},"5":{"name":"(anonymous_5)","decl":{"start":{"line":18,"column":17},"end":{"line":18,"column":18}},"loc":{"start":{"line":18,"column":28},"end":{"line":21,"column":5}},"line":18},"6":{"name":"(anonymous_6)","decl":{"start":{"line":24,"column":12},"end":{"line":24,"column":13}},"loc":{"start":{"line":24,"column":18},"end":{"line":28,"column":3}},"line":24},"7":{"name":"(anonymous_7)","decl":{"start":{"line":25,"column":35},"end":{"line":25,"column":36}},"loc":{"start":{"line":25,"column":46},"end":{"line":27,"column":5}},"line":25},"8":{"name":"(anonymous_8)","decl":{"start":{"line":30,"column":25},"end":{"line":30,"column":26}},"loc":{"start":{"line":30,"column":31},"end":{"line":40,"column":3}},"line":30},"9":{"name":"(anonymous_9)","decl":{"start":{"line":31,"column":56},"end":{"line":31,"column":57}},"loc":{"start":{"line":31,"column":67},"end":{"line":31,"column":81}},"line":31},"10":{"name":"(anonymous_10)","decl":{"start":{"line":51,"column":37},"end":{"line":51,"column":38}},"loc":{"start":{"line":52,"column":14},"end":{"line":78,"column":21}},"line":52},"11":{"name":"(anonymous_11)","decl":{"start":{"line":59,"column":34},"end":{"line":59,"column":35}},"loc":{"start":{"line":59,"column":40},"end":{"line":59,"column":72}},"line":59}},"branchMap":{"0":{"loc":{"start":{"line":31,"column":4},"end":{"line":39,"column":5}},"type":"if","locations":[{"start":{"line":31,"column":4},"end":{"line":39,"column":5}},{"start":{"line":33,"column":11},"end":{"line":39,"column":5}}],"line":31},"1":{"loc":{"start":{"line":31,"column":8},"end":{"line":31,"column":82}},"type":"binary-expr","locations":[{"start":{"line":31,"column":8},"end":{"line":31,"column":22}},{"start":{"line":31,"column":26},"end":{"line":31,"column":82}}],"line":31},"2":{"loc":{"start":{"line":44,"column":22},"end":{"line":44,"column":63}},"type":"cond-expr","locations":[{"start":{"line":44,"column":42},"end":{"line":44,"column":53}},{"start":{"line":44,"column":56},"end":{"line":44,"column":63}}],"line":44},"3":{"loc":{"start":{"line":45,"column":24},"end":{"line":45,"column":94}},"type":"cond-expr","locations":[{"start":{"line":45,"column":44},"end":{"line":45,"column":70}},{"start":{"line":45,"column":73},"end":{"line":45,"column":94}}],"line":45},"4":{"loc":{"start":{"line":47,"column":28},"end":{"line":47,"column":80}},"type":"cond-expr","locations":[{"start":{"line":47,"column":48},"end":{"line":47,"column":65}},{"start":{"line":47,"column":68},"end":{"line":47,"column":80}}],"line":47},"5":{"loc":{"start":{"line":48,"column":28},"end":{"line":48,"column":82}},"type":"cond-expr","locations":[{"start":{"line":48,"column":48},"end":{"line":48,"column":66}},{"start":{"line":48,"column":69},"end":{"line":48,"column":82}}],"line":48},"6":{"loc":{"start":{"line":58,"column":35},"end":{"line":58,"column":65}},"type":"binary-expr","locations":[{"start":{"line":58,"column":35},"end":{"line":58,"column":56}},{"start":{"line":58,"column":60},"end":{"line":58,"column":65}}],"line":58},"7":{"loc":{"start":{"line":72,"column":23},"end":{"line":74,"column":70}},"type":"cond-expr","locations":[{"start":{"line":73,"column":26},"end":{"line":73,"column":75}},{"start":{"line":74,"column":26},"end":{"line":74,"column":70}}],"line":72},"8":{"loc":{"start":{"line":88,"column":38},"end":{"line":88,"column":74}},"type":"cond-expr","locations":[{"start":{"line":88,"column":58},"end":{"line":88,"column":65}},{"start":{"line":88,"column":68},"end":{"line":88,"column":74}}],"line":88},"9":{"loc":{"start":{"line":98,"column":22},"end":{"line":98,"column":80}},"type":"cond-expr","locations":[{"start":{"line":98,"column":42},"end":{"line":98,"column":62}},{"start":{"line":98,"column":65},"end":{"line":98,"column":80}}],"line":98},"10":{"loc":{"start":{"line":99,"column":32},"end":{"line":99,"column":68}},"type":"cond-expr","locations":[{"start":{"line":99,"column":52},"end":{"line":99,"column":59}},{"start":{"line":99,"column":62},"end":{"line":99,"column":68}}],"line":99}},"s":{"0":1,"1":3,"2":3,"3":3,"4":3,"5":6,"6":3,"7":6,"8":3,"9":6,"10":3,"11":0,"12":0,"13":3,"14":3,"15":0,"16":3,"17":0,"18":0,"19":0,"20":0,"21":3,"22":0,"23":0},"f":{"0":3,"1":6,"2":6,"3":6,"4":0,"5":0,"6":3,"7":0,"8":0,"9":0,"10":0,"11":0},"b":{"0":[0,0],"1":[0,0],"2":[3,0],"3":[3,0],"4":[3,0],"5":[3,0],"6":[0,0],"7":[0,0],"8":[3,0],"9":[3,0],"10":[3,0]},"_coverageSchema":"1a1c01bbd47fc00a2c39e90264f33305004495a9","hash":"b64e7bccd26737fcb118b54f7dde73b5f5269863"}
,"/Users/derishardiansyahismail/Phincon-Bootcampp/Week-5/Day-3/week5multistep/src/redux/personalSlice.js": {"path":"/Users/derishardiansyahismail/Phincon-Bootcampp/Week-5/Day-3/week5multistep/src/redux/personalSlice.js","statementMap":{"0":{"start":{"line":3,"column":21},"end":{"line":46,"column":1}},"1":{"start":{"line":48,"column":22},"end":{"line":81,"column":2}},"2":{"start":{"line":53,"column":6},"end":{"line":53,"column":34}},"3":{"start":{"line":56,"column":6},"end":{"line":56,"column":35}},"4":{"start":{"line":59,"column":6},"end":{"line":59,"column":41}},"5":{"start":{"line":62,"column":43},"end":{"line":62,"column":57}},"6":{"start":{"line":63,"column":6},"end":{"line":63,"column":24}},"7":{"start":{"line":64,"column":6},"end":{"line":64,"column":26}},"8":{"start":{"line":65,"column":6},"end":{"line":65,"column":38}},"9":{"start":{"line":68,"column":6},"end":{"line":68,"column":76}},"10":{"start":{"line":71,"column":6},"end":{"line":75,"column":8}},"11":{"start":{"line":78,"column":6},"end":{"line":78,"column":42}},"12":{"start":{"line":84,"column":2},"end":{"line":84,"column":23}}},"fnMap":{"0":{"name":"(anonymous_0)","decl":{"start":{"line":52,"column":13},"end":{"line":52,"column":14}},"loc":{"start":{"line":52,"column":32},"end":{"line":54,"column":5}},"line":52},"1":{"name":"(anonymous_1)","decl":{"start":{"line":55,"column":14},"end":{"line":55,"column":15}},"loc":{"start":{"line":55,"column":33},"end":{"line":57,"column":5}},"line":55},"2":{"name":"(anonymous_2)","decl":{"start":{"line":58,"column":20},"end":{"line":58,"column":21}},"loc":{"start":{"line":58,"column":39},"end":{"line":60,"column":5}},"line":58},"3":{"name":"(anonymous_3)","decl":{"start":{"line":61,"column":22},"end":{"line":61,"column":23}},"loc":{"start":{"line":61,"column":41},"end":{"line":66,"column":5}},"line":61},"4":{"name":"(anonymous_4)","decl":{"start":{"line":67,"column":4},"end":{"line":67,"column":5}},"loc":{"start":{"line":67,"column":29},"end":{"line":69,"column":5}},"line":67},"5":{"name":"(anonymous_5)","decl":{"start":{"line":70,"column":16},"end":{"line":70,"column":17}},"loc":{"start":{"line":70,"column":35},"end":{"line":76,"column":5}},"line":70},"6":{"name":"(anonymous_6)","decl":{"start":{"line":77,"column":4},"end":{"line":77,"column":5}},"loc":{"start":{"line":77,"column":35},"end":{"line":79,"column":5}},"line":77}},"branchMap":{},"s":{"0":3,"1":3,"2":1,"3":1,"4":0,"5":0,"6":0,"7":0,"8":0,"9":0,"10":1,"11":1,"12":3},"f":{"0":1,"1":1,"2":0,"3":0,"4":0,"5":1,"6":1},"b":{},"_coverageSchema":"1a1c01bbd47fc00a2c39e90264f33305004495a9","hash":"a67f7aa2f9d585c5f9744074ac93d62598d3be0a"}
}
