TN:
SF:src/components/Loader/index.jsx
FN:7,(anonymous_0)
FNF:1
FNH:1
FNDA:2,(anonymous_0)
DA:7,1
DA:8,2
DA:19,1
LF:3
LH:3
BRDA:12,0,0,2
BRDA:12,0,1,1
BRF:2
BRH:2
end_of_record
TN:
SF:src/components/Step3/index.jsx
FN:9,(anonymous_0)
FN:13,(anonymous_1)
FN:14,(anonymous_2)
FN:15,(anonymous_3)
FN:17,(anonymous_4)
FN:18,(anonymous_5)
FN:24,(anonymous_6)
FN:25,(anonymous_7)
FN:30,(anonymous_8)
FN:31,(anonymous_9)
FN:51,(anonymous_10)
FN:59,(anonymous_11)
FNF:12
FNH:5
FNDA:3,(anonymous_0)
FNDA:6,(anonymous_1)
FNDA:6,(anonymous_2)
FNDA:6,(anonymous_3)
FNDA:0,(anonymous_4)
FNDA:0,(anonymous_5)
FNDA:3,(anonymous_6)
FNDA:0,(anonymous_7)
FNDA:0,(anonymous_8)
FNDA:0,(anonymous_9)
FNDA:0,(anonymous_10)
FNDA:0,(anonymous_11)
DA:9,1
DA:10,3
DA:11,3
DA:12,3
DA:13,6
DA:14,6
DA:15,6
DA:17,3
DA:18,0
DA:24,3
DA:25,3
DA:26,0
DA:30,3
DA:31,0
DA:32,0
DA:34,0
DA:42,3
DA:52,0
DA:59,0
LF:19
LH:12
BRDA:31,0,0,0
BRDA:31,0,1,0
BRDA:31,1,0,0
BRDA:31,1,1,0
BRDA:44,2,0,3
BRDA:44,2,1,0
BRDA:45,3,0,3
BRDA:45,3,1,0
BRDA:47,4,0,3
BRDA:47,4,1,0
BRDA:48,5,0,3
BRDA:48,5,1,0
BRDA:58,6,0,0
BRDA:58,6,1,0
BRDA:72,7,0,0
BRDA:72,7,1,0
BRDA:88,8,0,3
BRDA:88,8,1,0
BRDA:98,9,0,3
BRDA:98,9,1,0
BRDA:99,10,0,3
BRDA:99,10,1,0
BRF:22
BRH:7
end_of_record
TN:
SF:src/redux/personalSlice.js
FN:52,(anonymous_0)
FN:55,(anonymous_1)
FN:58,(anonymous_2)
FN:61,(anonymous_3)
FN:67,(anonymous_4)
FN:70,(anonymous_5)
FN:77,(anonymous_6)
FNF:7
FNH:4
FNDA:1,(anonymous_0)
FNDA:1,(anonymous_1)
FNDA:0,(anonymous_2)
FNDA:0,(anonymous_3)
FNDA:0,(anonymous_4)
FNDA:1,(anonymous_5)
FNDA:1,(anonymous_6)
DA:3,3
DA:48,3
DA:53,1
DA:56,1
DA:59,0
DA:62,0
DA:63,0
DA:64,0
DA:65,0
DA:68,0
DA:71,1
DA:78,1
DA:84,3
LF:13
LH:7
BRF:0
BRH:0
end_of_record
